<?xml version="1.0" encoding="UTF-8"?>
<!-- Generated by org.testng.reporters.JUnitXMLReporter -->
<testsuite ignored="2" hostname="DESKTOP-U7APJPA" failures="0" tests="1" name="Default test" time="10.517" errors="0" timestamp="2025-07-25T16:20:46 IST">
  <testcase classname="com.bs.project.translator.OpinionTests" name="retrieveTitles" time="8.747"/>
  <testcase classname="com.bs.project.translator.OpinionTests" name="countWords" time="0.0">
    <ignored/>
  </testcase> <!-- countWords -->
  <testcase classname="com.bs.project.translator.OpinionTests" name="convertTitlesIntoEnglish" time="0.0">
    <ignored/>
  </testcase> <!-- convertTitlesIntoEnglish -->
</testsuite> <!-- Default test -->
