<?xml version="1.0" encoding="UTF-8"?>
<!-- Generated by org.testng.reporters.JUnitXMLReporter -->
<testsuite ignored="0" hostname="DESKTOP-U7APJPA" failures="0" tests="3" name="Test" time="21.719" errors="0" timestamp="2025-07-25T15:40:24 IST">
  <testcase classname="com.bs.project.translator.OpinionTests" name="retrieveTitles" time="15.309"/>
  <testcase classname="com.bs.project.translator.OpinionTests" name="convertTitlesIntoEnglish" time="6.363"/>
  <testcase classname="com.bs.project.translator.OpinionTests" name="countWords" time="0.005"/>
</testsuite> <!-- Test -->
