<?xml version="1.0" encoding="UTF-8"?>
<testsuite xmlns:xsi="http://www.w3.org/2001/XMLSchema-instance" xsi:noNamespaceSchemaLocation="https://maven.apache.org/surefire/maven-surefire-plugin/xsd/surefire-test-report.xsd" version="3.0.1" name="TestSuite" time="28.904" tests="3" errors="0" skipped="0" failures="0">
  <properties>
[...]
</properties>
  <testcase name="retrieveTitles" classname="com.bs.project.translator.OpinionTests" time="15.316">
    <system-out><![CDATA[News Title: [El Reino Unido y Europa: no basta con ir tirando, Me acojo al secreto profesional, Candidatos a ser grandes hombres, La corrupción y sus tipos, ‘Inventario de un viaje perfecto’]
News Content:[Por mucho que Starmer haya reiniciado la relación con el continente, a largo plazo la única opción es volver a la UE, No estoy seguro de que sea buena idea regular por ley la protección de las fuentes de los periodistas, Los que pretenden ser escritores empiezan a veces por los diarios, y apuntan lo que viven buscando un interlocutor, Hacer distinciones está mal visto, pero es imprescindible para entender las distintas causas, consecuencias y soluciones, Este proyecto es un inventario visual de la vida a bordo y de la costa que busca revivir y expandir la memoria de ese trayecto: la atmósfera, la luz, el calor y la materia. Cada imagen parte de un instante y se extiende a través de su manipulación. Invita a ralentizar la mirada, a contemplar con calma lo que pudo pasar inadvertido. Un ejercicio estético que quiere transformar lo ordinario en eterno]
]]></system-out>
    <system-err><![CDATA[Jul 25, 2025 3:39:58 PM org.openqa.selenium.devtools.CdpVersionFinder findNearestMatch
WARNING: Unable to find an exact match for CDP version 138, returning the closest version; found: 137; Please update to a Selenium version that supports CDP version 138
]]></system-err>
  </testcase>
  <testcase name="convertTitlesIntoEnglish" classname="com.bs.project.translator.OpinionTests" time="6.363">
    <system-out><![CDATA[Response: [
    "The United Kingdom and Europe: It is not enough to go throwing"
]
Response: [
    "I welcome professional secrecy"
]
Response: [
    "Candidates to be great men"
]
Response: [
    "Corruption and its types"
]
Response: [
    "‘Inventory of a perfect trip’"
]
]]></system-out>
  </testcase>
  <testcase name="countWords" classname="com.bs.project.translator.OpinionTests" time="0.01">
    <system-out><![CDATA[Converted : ‘Inventory of a perfect trip’ Corruption and its types Candidates to be great men I welcome professional secrecy The United Kingdom and Europe: It is not enough to go throwing 
No words repeated more than twice. Printing occurence of all words for reference: 
Word: ‘Inventory and Count 1
Word: of and Count 1
Word: a and Count 1
Word: perfect and Count 1
Word: trip’ and Count 1
Word: Corruption and Count 1
Word: and and Count 2
Word: its and Count 1
Word: types and Count 1
Word: Candidates and Count 1
Word: to and Count 2
Word: be and Count 1
Word: great and Count 1
Word: men and Count 1
Word: I and Count 1
Word: welcome and Count 1
Word: professional and Count 1
Word: secrecy and Count 1
Word: The and Count 1
Word: United and Count 1
Word: Kingdom and Count 1
Word: Europe: and Count 1
Word: It and Count 1
Word: is and Count 1
Word: not and Count 1
Word: enough and Count 1
Word: go and Count 1
Word: throwing and Count 1
]]></system-out>
  </testcase>
</testsuite>