<?xml version="1.0" encoding="UTF-8"?>
<testng-results ignored="0" total="3" passed="3" failed="0" skipped="0">
  <reporter-output>
  </reporter-output>
  <suite started-at="2025-07-25T15:40:02 IST" name="Suite" finished-at="2025-07-25T15:40:24 IST" duration-ms="21719">
    <groups>
    </groups>
    <test started-at="2025-07-25T15:40:02 IST" name="Test" finished-at="2025-07-25T15:40:24 IST" duration-ms="21719">
      <class name="com.bs.project.translator.OpinionTests">
        <test-method is-config="true" signature="init()[pri:0, instance:com.bs.project.translator.OpinionTests@5f354bcf]" started-at="2025-07-25T15:39:56 IST" name="init" finished-at="2025-07-25T15:40:02 IST" duration-ms="5790" status="PASS">
          <reporter-output>
          </reporter-output>
        </test-method> <!-- init -->
        <test-method signature="retrieveTitles()[pri:0, instance:com.bs.project.translator.OpinionTests@5f354bcf]" started-at="2025-07-25T15:40:02 IST" name="retrieveTitles" finished-at="2025-07-25T15:40:17 IST" duration-ms="15309" status="PASS">
          <reporter-output>
          </reporter-output>
        </test-method> <!-- retrieveTitles -->
        <test-method signature="convertTitlesIntoEnglish()[pri:0, instance:com.bs.project.translator.OpinionTests@5f354bcf]" started-at="2025-07-25T15:40:17 IST" name="convertTitlesIntoEnglish" finished-at="2025-07-25T15:40:24 IST" depends-on-methods="com.bs.project.translator.OpinionTests.retrieveTitles" duration-ms="6363" status="PASS">
          <reporter-output>
          </reporter-output>
        </test-method> <!-- convertTitlesIntoEnglish -->
        <test-method signature="countWords()[pri:0, instance:com.bs.project.translator.OpinionTests@5f354bcf]" started-at="2025-07-25T15:40:24 IST" name="countWords" finished-at="2025-07-25T15:40:24 IST" depends-on-methods="com.bs.project.translator.OpinionTests.convertTitlesIntoEnglish" duration-ms="5" status="PASS">
          <reporter-output>
          </reporter-output>
        </test-method> <!-- countWords -->
        <test-method is-config="true" signature="cleanUp()[pri:0, instance:com.bs.project.translator.OpinionTests@5f354bcf]" started-at="2025-07-25T15:40:24 IST" name="cleanUp" finished-at="2025-07-25T15:40:24 IST" duration-ms="388" status="PASS">
          <reporter-output>
          </reporter-output>
        </test-method> <!-- cleanUp -->
      </class> <!-- com.bs.project.translator.OpinionTests -->
    </test> <!-- Test -->
  </suite> <!-- Suite -->
</testng-results>
