<?xml version="1.0" encoding="UTF-8"?>
<testng-results ignored="4" total="6" passed="0" failed="0" skipped="2">
  <reporter-output>
  </reporter-output>
  <suite started-at="2025-07-25T17:20:39 IST" name="Default suite" finished-at="2025-07-25T17:20:39 IST" duration-ms="387">
    <groups>
    </groups>
    <test started-at="2025-07-25T17:20:39 IST" name="Default test-1" finished-at="2025-07-25T17:20:39 IST" duration-ms="387">
      <class name="com.bs.project.translator.OpinionTests">
        <test-method is-config="true" signature="init()[pri:0, instance:com.bs.project.translator.OpinionTests@75ae4a1f]" started-at="2025-07-25T17:20:39 IST" name="init" finished-at="2025-07-25T17:20:39 IST" duration-ms="31" status="FAIL">
          <exception class="java.lang.NullPointerException">
            <message>
              <![CDATA[Cannot invoke "com.browserstack.v2.instance.AutomationFrameworkInstance.getDriver()" because the return value of "com.browserstack.v2.framework.AutomationFramework.getTrackedInstance()" is null]]>
            </message>
            <full-stacktrace>
              <![CDATA[java.lang.NullPointerException: Cannot invoke "com.browserstack.v2.instance.AutomationFrameworkInstance.getDriver()" because the return value of "com.browserstack.v2.framework.AutomationFramework.getTrackedInstance()" is null
at com.bs.manager.TestManager.init(TestManager.java:28)
at java.base/jdk.internal.reflect.DirectMethodHandleAccessor.invoke(DirectMethodHandleAccessor.java:103)
at java.base/java.lang.reflect.Method.invoke(Method.java:580)
at org.testng.internal.MethodInvocationHelper.invokeMethod(MethodInvocationHelper.java:133)
at org.testng.internal.MethodInvocationHelper.invokeMethodConsideringTimeout(MethodInvocationHelper.java:62)
at org.testng.internal.ConfigInvoker.invokeConfigurationMethod(ConfigInvoker.java:385)
at org.testng.internal.ConfigInvoker.invokeConfigurations(ConfigInvoker.java:321)
at org.testng.SuiteRunner.privateRun(SuiteRunner.java:317)
at org.testng.SuiteRunner.run(SuiteRunner.java:276)
at org.testng.SuiteRunnerWorker.runSuite(SuiteRunnerWorker.java:53)
at org.testng.SuiteRunnerWorker.run(SuiteRunnerWorker.java:96)
at org.testng.TestNG.runSuitesSequentially(TestNG.java:1212)
at org.testng.TestNG.runSuitesLocally(TestNG.java:1134)
at org.testng.TestNG.runSuites(TestNG.java:1063)
at org.testng.TestNG.run(TestNG.java:1031)
at org.testng.remote.AbstractRemoteTestNG.run(AbstractRemoteTestNG.java:115)
at org.testng.remote.RemoteTestNG.initAndRun(RemoteTestNG.java:293)
at org.testng.remote.RemoteTestNG.main(RemoteTestNG.java:91)
]]>
            </full-stacktrace>
          </exception> <!-- java.lang.NullPointerException -->
          <reporter-output>
          </reporter-output>
        </test-method> <!-- init -->
        <test-method signature="retrieveTitles()[pri:0, instance:com.bs.project.translator.OpinionTests@75ae4a1f]" started-at="2025-07-25T17:20:39 IST" name="retrieveTitles" finished-at="2025-07-25T17:20:39 IST" duration-ms="0" status="SKIP">
          <exception class="java.lang.NullPointerException">
            <message>
              <![CDATA[Cannot invoke "com.browserstack.v2.instance.AutomationFrameworkInstance.getDriver()" because the return value of "com.browserstack.v2.framework.AutomationFramework.getTrackedInstance()" is null]]>
            </message>
            <full-stacktrace>
              <![CDATA[java.lang.NullPointerException: Cannot invoke "com.browserstack.v2.instance.AutomationFrameworkInstance.getDriver()" because the return value of "com.browserstack.v2.framework.AutomationFramework.getTrackedInstance()" is null
at com.bs.manager.TestManager.init(TestManager.java:28)
at java.base/jdk.internal.reflect.DirectMethodHandleAccessor.invoke(DirectMethodHandleAccessor.java:103)
at java.base/java.lang.reflect.Method.invoke(Method.java:580)
at org.testng.internal.MethodInvocationHelper.invokeMethod(MethodInvocationHelper.java:133)
at org.testng.internal.MethodInvocationHelper.invokeMethodConsideringTimeout(MethodInvocationHelper.java:62)
at org.testng.internal.ConfigInvoker.invokeConfigurationMethod(ConfigInvoker.java:385)
at org.testng.internal.ConfigInvoker.invokeConfigurations(ConfigInvoker.java:321)
at org.testng.SuiteRunner.privateRun(SuiteRunner.java:317)
at org.testng.SuiteRunner.run(SuiteRunner.java:276)
at org.testng.SuiteRunnerWorker.runSuite(SuiteRunnerWorker.java:53)
at org.testng.SuiteRunnerWorker.run(SuiteRunnerWorker.java:96)
at org.testng.TestNG.runSuitesSequentially(TestNG.java:1212)
at org.testng.TestNG.runSuitesLocally(TestNG.java:1134)
at org.testng.TestNG.runSuites(TestNG.java:1063)
at org.testng.TestNG.run(TestNG.java:1031)
at org.testng.remote.AbstractRemoteTestNG.run(AbstractRemoteTestNG.java:115)
at org.testng.remote.RemoteTestNG.initAndRun(RemoteTestNG.java:293)
at org.testng.remote.RemoteTestNG.main(RemoteTestNG.java:91)
]]>
            </full-stacktrace>
          </exception> <!-- java.lang.NullPointerException -->
          <reporter-output>
          </reporter-output>
        </test-method> <!-- retrieveTitles -->
        <test-method is-config="true" signature="cleanUp()[pri:0, instance:com.bs.project.translator.OpinionTests@75ae4a1f]" started-at="2025-07-25T17:20:40 IST" name="cleanUp" finished-at="1970-01-01T05:30:00 IST" duration-ms="-1753444240416" status="SKIP">
          <reporter-output>
          </reporter-output>
        </test-method> <!-- cleanUp -->
      </class> <!-- com.bs.project.translator.OpinionTests -->
    </test> <!-- Default test-1 -->
    <test started-at="2025-07-25T17:20:39 IST" name="Default test-0" finished-at="2025-07-25T17:20:39 IST" duration-ms="387">
      <class name="com.bs.project.translator.OpinionTests">
        <test-method signature="retrieveTitles()[pri:0, instance:com.bs.project.translator.OpinionTests@6b2e46af]" started-at="2025-07-25T17:20:39 IST" name="retrieveTitles" finished-at="2025-07-25T17:20:39 IST" duration-ms="0" status="SKIP">
          <exception class="java.lang.NullPointerException">
            <message>
              <![CDATA[Cannot invoke "com.browserstack.v2.instance.AutomationFrameworkInstance.getDriver()" because the return value of "com.browserstack.v2.framework.AutomationFramework.getTrackedInstance()" is null]]>
            </message>
            <full-stacktrace>
              <![CDATA[java.lang.NullPointerException: Cannot invoke "com.browserstack.v2.instance.AutomationFrameworkInstance.getDriver()" because the return value of "com.browserstack.v2.framework.AutomationFramework.getTrackedInstance()" is null
at com.bs.manager.TestManager.init(TestManager.java:28)
at java.base/jdk.internal.reflect.DirectMethodHandleAccessor.invoke(DirectMethodHandleAccessor.java:103)
at java.base/java.lang.reflect.Method.invoke(Method.java:580)
at org.testng.internal.MethodInvocationHelper.invokeMethod(MethodInvocationHelper.java:133)
at org.testng.internal.MethodInvocationHelper.invokeMethodConsideringTimeout(MethodInvocationHelper.java:62)
at org.testng.internal.ConfigInvoker.invokeConfigurationMethod(ConfigInvoker.java:385)
at org.testng.internal.ConfigInvoker.invokeConfigurations(ConfigInvoker.java:321)
at org.testng.SuiteRunner.privateRun(SuiteRunner.java:317)
at org.testng.SuiteRunner.run(SuiteRunner.java:276)
at org.testng.SuiteRunnerWorker.runSuite(SuiteRunnerWorker.java:53)
at org.testng.SuiteRunnerWorker.run(SuiteRunnerWorker.java:96)
at org.testng.TestNG.runSuitesSequentially(TestNG.java:1212)
at org.testng.TestNG.runSuitesLocally(TestNG.java:1134)
at org.testng.TestNG.runSuites(TestNG.java:1063)
at org.testng.TestNG.run(TestNG.java:1031)
at org.testng.remote.AbstractRemoteTestNG.run(AbstractRemoteTestNG.java:115)
at org.testng.remote.RemoteTestNG.initAndRun(RemoteTestNG.java:293)
at org.testng.remote.RemoteTestNG.main(RemoteTestNG.java:91)
]]>
            </full-stacktrace>
          </exception> <!-- java.lang.NullPointerException -->
          <reporter-output>
          </reporter-output>
        </test-method> <!-- retrieveTitles -->
      </class> <!-- com.bs.project.translator.OpinionTests -->
    </test> <!-- Default test-0 -->
  </suite> <!-- Default suite -->
</testng-results>
